<?xml version="1.0" encoding="UTF-8"?>
<robot generator="Robot 3.1.1 (Python 3.7.2 on win32)" generated="20190507 10:52:40.092" rpa="false">
<suite id="s1" name="testReviewCourse" source="C:\Users\EARTH\Desktop\SOA\SOA2019_Group12\UI-Test\testReviewCourse.robot">
<test id="s1-t1" name="ดูบทความที่หน้า Home">
<kw name="ไปยังหน้า Home">
<kw name="Open Browser" library="SeleniumLibrary">
<doc>Opens a new browser instance to the given ``url``.</doc>
<arguments>
<arg>http://35.247.168.170:3000/</arg>
<arg>browser=chrome</arg>
</arguments>
<msg timestamp="20190507 10:52:40.300" level="INFO">Opening browser 'chrome' to base url 'http://35.247.168.170:3000/'.</msg>
<kw name="Capture Page Screenshot" library="SeleniumLibrary">
<doc>Takes screenshot of the current page and embeds it into log file.</doc>
<msg timestamp="20190507 10:52:43.811" level="INFO">Cannot capture screenshot because no browser is open.</msg>
<status status="PASS" starttime="20190507 10:52:43.810" endtime="20190507 10:52:43.811"></status>
</kw>
<msg timestamp="20190507 10:52:43.816" level="FAIL">SessionNotCreatedException: Message: session not created: Chrome version must be between 70 and 73
  (Driver info: chromedriver=73.0.3683.68 (47787ec04b6e38e22703e856e101e840b65afe72),platform=Windows NT 10.0.17134 x86_64)
</msg>
<status status="FAIL" starttime="20190507 10:52:40.299" endtime="20190507 10:52:43.817"></status>
</kw>
<status status="FAIL" starttime="20190507 10:52:40.299" endtime="20190507 10:52:43.817"></status>
</kw>
<status status="FAIL" starttime="20190507 10:52:40.298" endtime="20190507 10:52:43.818" critical="yes">SessionNotCreatedException: Message: session not created: Chrome version must be between 70 and 73
  (Driver info: chromedriver=73.0.3683.68 (47787ec04b6e38e22703e856e101e840b65afe72),platform=Windows NT 10.0.17134 x86_64)
</status>
</test>
<status status="FAIL" starttime="20190507 10:52:40.094" endtime="20190507 10:52:43.821"></status>
</suite>
<statistics>
<total>
<stat pass="0" fail="1">Critical Tests</stat>
<stat pass="0" fail="1">All Tests</stat>
</total>
<tag>
</tag>
<suite>
<stat pass="0" fail="1" id="s1" name="testReviewCourse">testReviewCourse</stat>
</suite>
</statistics>
<errors>
</errors>
</robot>
